<?xml version="1.0" encoding="UTF-8"?>
<testsuite xmlns:xsi="http://www.w3.org/2001/XMLSchema-instance" xsi:noNamespaceSchemaLocation="https://maven.apache.org/surefire/maven-surefire-plugin/xsd/surefire-test-report.xsd" version="3.0.2" name="de.jan.czok.superdupermarkt.repository.CsvProductRepositoryTest" time="0.639" tests="1" errors="0" skipped="0" failures="0">
  <properties>
    <property name="java.specification.version" value="21"/>
    <property name="sun.jnu.encoding" value="UTF-8"/>
    <property name="java.class.path" value="/Users/janczok/Downloads/superdupermarkt/target/test-classes:/Users/janczok/Downloads/superdupermarkt/target/classes:/Users/janczok/.m2/repository/org/springframework/boot/spring-boot-starter/4.0.0-SNAPSHOT/spring-boot-starter-4.0.0-SNAPSHOT.jar:/Users/janczok/.m2/repository/org/springframework/boot/spring-boot-starter-logging/4.0.0-SNAPSHOT/spring-boot-starter-logging-4.0.0-SNAPSHOT.jar:/Users/janczok/.m2/repository/ch/qos/logback/logback-classic/1.5.20/logback-classic-1.5.20.jar:/Users/janczok/.m2/repository/ch/qos/logback/logback-core/1.5.20/logback-core-1.5.20.jar:/Users/janczok/.m2/repository/org/apache/logging/log4j/log4j-to-slf4j/2.25.2/log4j-to-slf4j-2.25.2.jar:/Users/janczok/.m2/repository/org/apache/logging/log4j/log4j-api/2.25.2/log4j-api-2.25.2.jar:/Users/janczok/.m2/repository/org/slf4j/jul-to-slf4j/2.0.17/jul-to-slf4j-2.0.17.jar:/Users/janczok/.m2/repository/org/springframework/boot/spring-boot-autoconfigure/4.0.0-SNAPSHOT/spring-boot-autoconfigure-4.0.0-SNAPSHOT.jar:/Users/janczok/.m2/repository/org/springframework/boot/spring-boot/4.0.0-SNAPSHOT/spring-boot-4.0.0-SNAPSHOT.jar:/Users/janczok/.m2/repository/org/springframework/spring-context/7.0.0-SNAPSHOT/spring-context-7.0.0-SNAPSHOT.jar:/Users/janczok/.m2/repository/org/springframework/spring-aop/7.0.0-SNAPSHOT/spring-aop-7.0.0-SNAPSHOT.jar:/Users/janczok/.m2/repository/org/springframework/spring-beans/7.0.0-SNAPSHOT/spring-beans-7.0.0-SNAPSHOT.jar:/Users/janczok/.m2/repository/org/springframework/spring-expression/7.0.0-SNAPSHOT/spring-expression-7.0.0-SNAPSHOT.jar:/Users/janczok/.m2/repository/io/micrometer/micrometer-observation/1.16.0-RC1/micrometer-observation-1.16.0-RC1.jar:/Users/janczok/.m2/repository/io/micrometer/micrometer-commons/1.16.0-RC1/micrometer-commons-1.16.0-RC1.jar:/Users/janczok/.m2/repository/jakarta/annotation/jakarta.annotation-api/3.0.0/jakarta.annotation-api-3.0.0.jar:/Users/janczok/.m2/repository/org/yaml/snakeyaml/2.5/snakeyaml-2.5.jar:/Users/janczok/.m2/repository/org/apache/commons/commons-csv/1.10.0/commons-csv-1.10.0.jar:/Users/janczok/.m2/repository/org/springframework/boot/spring-boot-starter-test/4.0.0-SNAPSHOT/spring-boot-starter-test-4.0.0-SNAPSHOT.jar:/Users/janczok/.m2/repository/org/springframework/boot/spring-boot-test/4.0.0-SNAPSHOT/spring-boot-test-4.0.0-SNAPSHOT.jar:/Users/janczok/.m2/repository/org/springframework/boot/spring-boot-test-autoconfigure/4.0.0-SNAPSHOT/spring-boot-test-autoconfigure-4.0.0-SNAPSHOT.jar:/Users/janczok/.m2/repository/com/jayway/jsonpath/json-path/2.9.0/json-path-2.9.0.jar:/Users/janczok/.m2/repository/org/slf4j/slf4j-api/2.0.17/slf4j-api-2.0.17.jar:/Users/janczok/.m2/repository/jakarta/xml/bind/jakarta.xml.bind-api/4.0.4/jakarta.xml.bind-api-4.0.4.jar:/Users/janczok/.m2/repository/jakarta/activation/jakarta.activation-api/2.1.4/jakarta.activation-api-2.1.4.jar:/Users/janczok/.m2/repository/net/minidev/json-smart/2.6.0/json-smart-2.6.0.jar:/Users/janczok/.m2/repository/net/minidev/accessors-smart/2.6.0/accessors-smart-2.6.0.jar:/Users/janczok/.m2/repository/org/ow2/asm/asm/9.7.1/asm-9.7.1.jar:/Users/janczok/.m2/repository/org/assertj/assertj-core/3.27.6/assertj-core-3.27.6.jar:/Users/janczok/.m2/repository/net/bytebuddy/byte-buddy/1.17.8/byte-buddy-1.17.8.jar:/Users/janczok/.m2/repository/org/awaitility/awaitility/4.3.0/awaitility-4.3.0.jar:/Users/janczok/.m2/repository/org/hamcrest/hamcrest/3.0/hamcrest-3.0.jar:/Users/janczok/.m2/repository/org/junit/jupiter/junit-jupiter/6.0.0/junit-jupiter-6.0.0.jar:/Users/janczok/.m2/repository/org/junit/jupiter/junit-jupiter-api/6.0.0/junit-jupiter-api-6.0.0.jar:/Users/janczok/.m2/repository/org/opentest4j/opentest4j/1.3.0/opentest4j-1.3.0.jar:/Users/janczok/.m2/repository/org/junit/platform/junit-platform-commons/6.0.0/junit-platform-commons-6.0.0.jar:/Users/janczok/.m2/repository/org/apiguardian/apiguardian-api/1.1.2/apiguardian-api-1.1.2.jar:/Users/janczok/.m2/repository/org/junit/jupiter/junit-jupiter-params/6.0.0/junit-jupiter-params-6.0.0.jar:/Users/janczok/.m2/repository/org/junit/jupiter/junit-jupiter-engine/6.0.0/junit-jupiter-engine-6.0.0.jar:/Users/janczok/.m2/repository/org/junit/platform/junit-platform-engine/6.0.0/junit-platform-engine-6.0.0.jar:/Users/janczok/.m2/repository/org/mockito/mockito-core/5.20.0/mockito-core-5.20.0.jar:/Users/janczok/.m2/repository/net/bytebuddy/byte-buddy-agent/1.17.8/byte-buddy-agent-1.17.8.jar:/Users/janczok/.m2/repository/org/objenesis/objenesis/3.3/objenesis-3.3.jar:/Users/janczok/.m2/repository/org/mockito/mockito-junit-jupiter/5.20.0/mockito-junit-jupiter-5.20.0.jar:/Users/janczok/.m2/repository/org/skyscreamer/jsonassert/1.5.3/jsonassert-1.5.3.jar:/Users/janczok/.m2/repository/com/vaadin/external/google/android-json/0.0.20131108.vaadin1/android-json-0.0.20131108.vaadin1.jar:/Users/janczok/.m2/repository/org/springframework/spring-core/7.0.0-SNAPSHOT/spring-core-7.0.0-SNAPSHOT.jar:/Users/janczok/.m2/repository/commons-logging/commons-logging/1.3.5/commons-logging-1.3.5.jar:/Users/janczok/.m2/repository/org/jspecify/jspecify/1.0.0/jspecify-1.0.0.jar:/Users/janczok/.m2/repository/org/springframework/spring-test/7.0.0-SNAPSHOT/spring-test-7.0.0-SNAPSHOT.jar:/Users/janczok/.m2/repository/org/xmlunit/xmlunit-core/2.10.4/xmlunit-core-2.10.4.jar:"/>
    <property name="java.vm.vendor" value="Eclipse Adoptium"/>
    <property name="sun.arch.data.model" value="64"/>
    <property name="java.vendor.url" value="https://adoptium.net/"/>
    <property name="user.timezone" value="Europe/Berlin"/>
    <property name="os.name" value="Mac OS X"/>
    <property name="java.vm.specification.version" value="21"/>
    <property name="APPLICATION_NAME" value="SuperDuperMarkt"/>
    <property name="sun.java.launcher" value="SUN_STANDARD"/>
    <property name="user.country" value="DE"/>
    <property name="sun.boot.library.path" value="/Users/janczok/.sdkman/candidates/java/21.0.8-tem/lib"/>
    <property name="sun.java.command" value="/Users/janczok/Downloads/superdupermarkt/target/surefire/surefirebooter-20251030165031404_3.jar /Users/janczok/Downloads/superdupermarkt/target/surefire 2025-10-30T16-50-28_114-jvmRun1 surefire-20251030165031404_1tmp surefire_0-20251030165031404_2tmp"/>
    <property name="http.nonProxyHosts" value="local|*.local|169.254/16|*.169.254/16"/>
    <property name="jdk.debug" value="release"/>
    <property name="surefire.test.class.path" value="/Users/janczok/Downloads/superdupermarkt/target/test-classes:/Users/janczok/Downloads/superdupermarkt/target/classes:/Users/janczok/.m2/repository/org/springframework/boot/spring-boot-starter/4.0.0-SNAPSHOT/spring-boot-starter-4.0.0-SNAPSHOT.jar:/Users/janczok/.m2/repository/org/springframework/boot/spring-boot-starter-logging/4.0.0-SNAPSHOT/spring-boot-starter-logging-4.0.0-SNAPSHOT.jar:/Users/janczok/.m2/repository/ch/qos/logback/logback-classic/1.5.20/logback-classic-1.5.20.jar:/Users/janczok/.m2/repository/ch/qos/logback/logback-core/1.5.20/logback-core-1.5.20.jar:/Users/janczok/.m2/repository/org/apache/logging/log4j/log4j-to-slf4j/2.25.2/log4j-to-slf4j-2.25.2.jar:/Users/janczok/.m2/repository/org/apache/logging/log4j/log4j-api/2.25.2/log4j-api-2.25.2.jar:/Users/janczok/.m2/repository/org/slf4j/jul-to-slf4j/2.0.17/jul-to-slf4j-2.0.17.jar:/Users/janczok/.m2/repository/org/springframework/boot/spring-boot-autoconfigure/4.0.0-SNAPSHOT/spring-boot-autoconfigure-4.0.0-SNAPSHOT.jar:/Users/janczok/.m2/repository/org/springframework/boot/spring-boot/4.0.0-SNAPSHOT/spring-boot-4.0.0-SNAPSHOT.jar:/Users/janczok/.m2/repository/org/springframework/spring-context/7.0.0-SNAPSHOT/spring-context-7.0.0-SNAPSHOT.jar:/Users/janczok/.m2/repository/org/springframework/spring-aop/7.0.0-SNAPSHOT/spring-aop-7.0.0-SNAPSHOT.jar:/Users/janczok/.m2/repository/org/springframework/spring-beans/7.0.0-SNAPSHOT/spring-beans-7.0.0-SNAPSHOT.jar:/Users/janczok/.m2/repository/org/springframework/spring-expression/7.0.0-SNAPSHOT/spring-expression-7.0.0-SNAPSHOT.jar:/Users/janczok/.m2/repository/io/micrometer/micrometer-observation/1.16.0-RC1/micrometer-observation-1.16.0-RC1.jar:/Users/janczok/.m2/repository/io/micrometer/micrometer-commons/1.16.0-RC1/micrometer-commons-1.16.0-RC1.jar:/Users/janczok/.m2/repository/jakarta/annotation/jakarta.annotation-api/3.0.0/jakarta.annotation-api-3.0.0.jar:/Users/janczok/.m2/repository/org/yaml/snakeyaml/2.5/snakeyaml-2.5.jar:/Users/janczok/.m2/repository/org/apache/commons/commons-csv/1.10.0/commons-csv-1.10.0.jar:/Users/janczok/.m2/repository/org/springframework/boot/spring-boot-starter-test/4.0.0-SNAPSHOT/spring-boot-starter-test-4.0.0-SNAPSHOT.jar:/Users/janczok/.m2/repository/org/springframework/boot/spring-boot-test/4.0.0-SNAPSHOT/spring-boot-test-4.0.0-SNAPSHOT.jar:/Users/janczok/.m2/repository/org/springframework/boot/spring-boot-test-autoconfigure/4.0.0-SNAPSHOT/spring-boot-test-autoconfigure-4.0.0-SNAPSHOT.jar:/Users/janczok/.m2/repository/com/jayway/jsonpath/json-path/2.9.0/json-path-2.9.0.jar:/Users/janczok/.m2/repository/org/slf4j/slf4j-api/2.0.17/slf4j-api-2.0.17.jar:/Users/janczok/.m2/repository/jakarta/xml/bind/jakarta.xml.bind-api/4.0.4/jakarta.xml.bind-api-4.0.4.jar:/Users/janczok/.m2/repository/jakarta/activation/jakarta.activation-api/2.1.4/jakarta.activation-api-2.1.4.jar:/Users/janczok/.m2/repository/net/minidev/json-smart/2.6.0/json-smart-2.6.0.jar:/Users/janczok/.m2/repository/net/minidev/accessors-smart/2.6.0/accessors-smart-2.6.0.jar:/Users/janczok/.m2/repository/org/ow2/asm/asm/9.7.1/asm-9.7.1.jar:/Users/janczok/.m2/repository/org/assertj/assertj-core/3.27.6/assertj-core-3.27.6.jar:/Users/janczok/.m2/repository/net/bytebuddy/byte-buddy/1.17.8/byte-buddy-1.17.8.jar:/Users/janczok/.m2/repository/org/awaitility/awaitility/4.3.0/awaitility-4.3.0.jar:/Users/janczok/.m2/repository/org/hamcrest/hamcrest/3.0/hamcrest-3.0.jar:/Users/janczok/.m2/repository/org/junit/jupiter/junit-jupiter/6.0.0/junit-jupiter-6.0.0.jar:/Users/janczok/.m2/repository/org/junit/jupiter/junit-jupiter-api/6.0.0/junit-jupiter-api-6.0.0.jar:/Users/janczok/.m2/repository/org/opentest4j/opentest4j/1.3.0/opentest4j-1.3.0.jar:/Users/janczok/.m2/repository/org/junit/platform/junit-platform-commons/6.0.0/junit-platform-commons-6.0.0.jar:/Users/janczok/.m2/repository/org/apiguardian/apiguardian-api/1.1.2/apiguardian-api-1.1.2.jar:/Users/janczok/.m2/repository/org/junit/jupiter/junit-jupiter-params/6.0.0/junit-jupiter-params-6.0.0.jar:/Users/janczok/.m2/repository/org/junit/jupiter/junit-jupiter-engine/6.0.0/junit-jupiter-engine-6.0.0.jar:/Users/janczok/.m2/repository/org/junit/platform/junit-platform-engine/6.0.0/junit-platform-engine-6.0.0.jar:/Users/janczok/.m2/repository/org/mockito/mockito-core/5.20.0/mockito-core-5.20.0.jar:/Users/janczok/.m2/repository/net/bytebuddy/byte-buddy-agent/1.17.8/byte-buddy-agent-1.17.8.jar:/Users/janczok/.m2/repository/org/objenesis/objenesis/3.3/objenesis-3.3.jar:/Users/janczok/.m2/repository/org/mockito/mockito-junit-jupiter/5.20.0/mockito-junit-jupiter-5.20.0.jar:/Users/janczok/.m2/repository/org/skyscreamer/jsonassert/1.5.3/jsonassert-1.5.3.jar:/Users/janczok/.m2/repository/com/vaadin/external/google/android-json/0.0.20131108.vaadin1/android-json-0.0.20131108.vaadin1.jar:/Users/janczok/.m2/repository/org/springframework/spring-core/7.0.0-SNAPSHOT/spring-core-7.0.0-SNAPSHOT.jar:/Users/janczok/.m2/repository/commons-logging/commons-logging/1.3.5/commons-logging-1.3.5.jar:/Users/janczok/.m2/repository/org/jspecify/jspecify/1.0.0/jspecify-1.0.0.jar:/Users/janczok/.m2/repository/org/springframework/spring-test/7.0.0-SNAPSHOT/spring-test-7.0.0-SNAPSHOT.jar:/Users/janczok/.m2/repository/org/xmlunit/xmlunit-core/2.10.4/xmlunit-core-2.10.4.jar:"/>
    <property name="sun.cpu.endian" value="little"/>
    <property name="user.home" value="/Users/janczok"/>
    <property name="user.language" value="de"/>
    <property name="java.specification.vendor" value="Oracle Corporation"/>
    <property name="java.version.date" value="2025-07-15"/>
    <property name="java.home" value="/Users/janczok/.sdkman/candidates/java/21.0.8-tem"/>
    <property name="file.separator" value="/"/>
    <property name="basedir" value="/Users/janczok/Downloads/superdupermarkt"/>
    <property name="java.vm.compressedOopsMode" value="Zero based"/>
    <property name="line.separator" value="&#10;"/>
    <property name="java.vm.specification.vendor" value="Oracle Corporation"/>
    <property name="java.specification.name" value="Java Platform API Specification"/>
    <property name="FILE_LOG_CHARSET" value="UTF-8"/>
    <property name="java.awt.headless" value="true"/>
    <property name="apple.awt.application.name" value="ForkedBooter"/>
    <property name="surefire.real.class.path" value="/Users/janczok/Downloads/superdupermarkt/target/surefire/surefirebooter-20251030165031404_3.jar"/>
    <property name="sun.management.compiler" value="HotSpot 64-Bit Tiered Compilers"/>
    <property name="ftp.nonProxyHosts" value="local|*.local|169.254/16|*.169.254/16"/>
    <property name="java.runtime.version" value="21.0.8+9-LTS"/>
    <property name="user.name" value="janczok"/>
    <property name="stdout.encoding" value="UTF-8"/>
    <property name="path.separator" value=":"/>
    <property name="os.version" value="15.6.1"/>
    <property name="java.runtime.name" value="OpenJDK Runtime Environment"/>
    <property name="file.encoding" value="UTF-8"/>
    <property name="java.vm.name" value="OpenJDK 64-Bit Server VM"/>
    <property name="java.vendor.version" value="Temurin-21.0.8+9"/>
    <property name="localRepository" value="/Users/janczok/.m2/repository"/>
    <property name="java.vendor.url.bug" value="https://github.com/adoptium/adoptium-support/issues"/>
    <property name="java.io.tmpdir" value="/var/folders/zl/q6t07z451mv0dl1r63zmfs500000gp/T/"/>
    <property name="java.version" value="21.0.8"/>
    <property name="user.dir" value="/Users/janczok/Downloads/superdupermarkt"/>
    <property name="os.arch" value="aarch64"/>
    <property name="java.vm.specification.name" value="Java Virtual Machine Specification"/>
    <property name="PID" value="21729"/>
    <property name="CONSOLE_LOG_CHARSET" value="UTF-8"/>
    <property name="native.encoding" value="UTF-8"/>
    <property name="java.library.path" value="/Users/janczok/Library/Java/Extensions:/Library/Java/Extensions:/Network/Library/Java/Extensions:/System/Library/Java/Extensions:/usr/lib/java:."/>
    <property name="java.vm.info" value="mixed mode, sharing"/>
    <property name="stderr.encoding" value="UTF-8"/>
    <property name="java.vendor" value="Eclipse Adoptium"/>
    <property name="java.vm.version" value="21.0.8+9-LTS"/>
    <property name="sun.io.unicode.encoding" value="UnicodeBig"/>
    <property name="socksNonProxyHosts" value="local|*.local|169.254/16|*.169.254/16"/>
    <property name="java.class.version" value="65.0"/>
    <property name="LOGGED_APPLICATION_NAME" value="[SuperDuperMarkt] "/>
  </properties>
  <testcase name="csvShouldLoadProductsSuccessfully" classname="de.jan.czok.superdupermarkt.repository.CsvProductRepositoryTest" time="0.294">
    <system-out><![CDATA[16:50:31.719 [main] INFO org.springframework.test.context.support.AnnotationConfigContextLoaderUtils -- Could not detect default configuration classes for test class [de.jan.czok.superdupermarkt.repository.CsvProductRepositoryTest]: CsvProductRepositoryTest does not declare any static, non-private, non-final, nested classes annotated with @Configuration.
16:50:31.754 [main] INFO org.springframework.boot.test.context.SpringBootTestContextBootstrapper -- Found @SpringBootConfiguration de.jan.czok.superdupermarkt.SuperDuperMarktApplication for test class de.jan.czok.superdupermarkt.repository.CsvProductRepositoryTest

  .   ____          _            __ _ _
 /\\ / ___'_ __ _ _(_)_ __  __ _ \ \ \ \
( ( )\___ | '_ | '_| | '_ \/ _` | \ \ \ \
 \\/  ___)| |_)| | | | | || (_| |  ) ) ) )
  '  |____| .__|_| |_|_| |_\__, | / / / /
 =========|_|==============|___/=/_/_/_/

 :: Spring Boot ::       (v4.0.0-SNAPSHOT)

2025-10-30T16:50:31.872+01:00  INFO 21729 --- [SuperDuperMarkt] [           main] d.j.c.s.r.CsvProductRepositoryTest       : Starting CsvProductRepositoryTest using Java 21.0.8 with PID 21729 (started by janczok in /Users/janczok/Downloads/superdupermarkt)
2025-10-30T16:50:31.873+01:00  INFO 21729 --- [SuperDuperMarkt] [           main] d.j.c.s.r.CsvProductRepositoryTest       : No active profile set, falling back to 1 default profile: "default"
2025-10-30T16:50:31.991+01:00  INFO 21729 --- [SuperDuperMarkt] [           main] d.j.c.s.r.CsvProductRepositoryTest       : Started CsvProductRepositoryTest in 0.196 seconds (process running for 0.554)
Starting SuperDuperMarkt simulation for 10 days.

CSV-Datei erfolgreich geladen: 4 Produkte.

==== Tag 0 — 2025-10-30 ====
Emmentaler | Preis: 5,50€ | Qualität: 35 | Entfernen: NEIN
Camembert | Preis: 5,50€ | Qualität: 40 | Entfernen: NEIN
Bordeaux | Preis: 10,00€ | Qualität: 20 | Entfernen: NEIN
Chianti | Preis: 12,00€ | Qualität: 48 | Entfernen: NEIN

==== Tag 1 — 2025-10-31 ====
Emmentaler | Preis: 5,40€ | Qualität: 34 | Entfernen: NEIN
Camembert | Preis: 5,40€ | Qualität: 39 | Entfernen: NEIN
Bordeaux | Preis: 10,00€ | Qualität: 20 | Entfernen: NEIN
Chianti | Preis: 12,00€ | Qualität: 48 | Entfernen: NEIN

==== Tag 2 — 2025-11-01 ====
Emmentaler | Preis: 5,30€ | Qualität: 33 | Entfernen: NEIN
Camembert | Preis: 5,30€ | Qualität: 38 | Entfernen: NEIN
Bordeaux | Preis: 10,00€ | Qualität: 20 | Entfernen: NEIN
Chianti | Preis: 12,00€ | Qualität: 48 | Entfernen: NEIN

==== Tag 3 — 2025-11-02 ====
Emmentaler | Preis: 5,20€ | Qualität: 32 | Entfernen: NEIN
Camembert | Preis: 5,20€ | Qualität: 37 | Entfernen: NEIN
Bordeaux | Preis: 10,00€ | Qualität: 20 | Entfernen: NEIN
Chianti | Preis: 12,00€ | Qualität: 48 | Entfernen: NEIN

==== Tag 4 — 2025-11-03 ====
Emmentaler | Preis: 5,10€ | Qualität: 31 | Entfernen: NEIN
Camembert | Preis: 5,10€ | Qualität: 36 | Entfernen: NEIN
Bordeaux | Preis: 10,00€ | Qualität: 20 | Entfernen: NEIN
Chianti | Preis: 12,00€ | Qualität: 48 | Entfernen: NEIN

==== Tag 5 — 2025-11-04 ====
Emmentaler | Preis: 5,00€ | Qualität: 30 | Entfernen: NEIN
Camembert | Preis: 5,00€ | Qualität: 35 | Entfernen: NEIN
Bordeaux | Preis: 10,00€ | Qualität: 20 | Entfernen: NEIN
Chianti | Preis: 12,00€ | Qualität: 48 | Entfernen: NEIN

==== Tag 6 — 2025-11-05 ====
Emmentaler | Preis: 4,90€ | Qualität: 29 | Entfernen: JA
Camembert | Preis: 4,90€ | Qualität: 34 | Entfernen: NEIN
Bordeaux | Preis: 10,00€ | Qualität: 20 | Entfernen: NEIN
Chianti | Preis: 12,00€ | Qualität: 48 | Entfernen: NEIN

==== Tag 7 — 2025-11-06 ====
Emmentaler | Preis: 4,80€ | Qualität: 28 | Entfernen: JA
Camembert | Preis: 4,80€ | Qualität: 33 | Entfernen: NEIN
Bordeaux | Preis: 10,00€ | Qualität: 20 | Entfernen: NEIN
Chianti | Preis: 12,00€ | Qualität: 48 | Entfernen: NEIN

==== Tag 8 — 2025-11-07 ====
Emmentaler | Preis: 4,70€ | Qualität: 27 | Entfernen: JA
Camembert | Preis: 4,70€ | Qualität: 32 | Entfernen: NEIN
Bordeaux | Preis: 10,00€ | Qualität: 20 | Entfernen: NEIN
Chianti | Preis: 12,00€ | Qualität: 48 | Entfernen: NEIN

==== Tag 9 — 2025-11-08 ====
Emmentaler | Preis: 4,60€ | Qualität: 26 | Entfernen: JA
Camembert | Preis: 4,60€ | Qualität: 31 | Entfernen: NEIN
Bordeaux | Preis: 10,00€ | Qualität: 20 | Entfernen: NEIN
Chianti | Preis: 12,00€ | Qualität: 48 | Entfernen: NEIN

==== Tag 10 — 2025-11-09 ====
Emmentaler | Preis: 4,50€ | Qualität: 25 | Entfernen: JA
Camembert | Preis: 4,50€ | Qualität: 30 | Entfernen: NEIN
Bordeaux | Preis: 10,00€ | Qualität: 21 | Entfernen: NEIN
Chianti | Preis: 12,00€ | Qualität: 49 | Entfernen: NEIN


Simulation finished.
]]></system-out>
    <system-err><![CDATA[Mockito is currently self-attaching to enable the inline-mock-maker. This will no longer work in future releases of the JDK. Please add Mockito as an agent to your build as described in Mockito's documentation: https://javadoc.io/doc/org.mockito/mockito-core/latest/org.mockito/org/mockito/Mockito.html#0.3
WARNING: A Java agent has been loaded dynamically (/Users/janczok/.m2/repository/net/bytebuddy/byte-buddy-agent/1.17.8/byte-buddy-agent-1.17.8.jar)
WARNING: If a serviceability tool is in use, please run with -XX:+EnableDynamicAgentLoading to hide this warning
WARNING: If a serviceability tool is not in use, please run with -Djdk.instrument.traceUsage for more information
WARNING: Dynamic loading of agents will be disallowed by default in a future release
]]></system-err>
  </testcase>
</testsuite>