<?xml version="1.0" encoding="UTF-8"?>
<testsuite xmlns:xsi="http://www.w3.org/2001/XMLSchema-instance" xsi:noNamespaceSchemaLocation="https://maven.apache.org/surefire/maven-surefire-plugin/xsd/surefire-test-report.xsd" version="3.0.2" name="de.jan.czok.superdupermarkt.model.CheeseTest" time="0.001" tests="1" errors="0" skipped="0" failures="0">
  <properties>
    <property name="java.specification.version" value="21"/>
    <property name="sun.jnu.encoding" value="UTF-8"/>
    <property name="java.class.path" value="/Users/janczok/Downloads/superdupermarkt/target/test-classes:/Users/janczok/Downloads/superdupermarkt/target/classes:/Users/janczok/.m2/repository/org/springframework/boot/spring-boot-starter/4.0.0-SNAPSHOT/spring-boot-starter-4.0.0-SNAPSHOT.jar:/Users/janczok/.m2/repository/org/springframework/boot/spring-boot-starter-logging/4.0.0-SNAPSHOT/spring-boot-starter-logging-4.0.0-SNAPSHOT.jar:/Users/janczok/.m2/repository/ch/qos/logback/logback-classic/1.5.20/logback-classic-1.5.20.jar:/Users/janczok/.m2/repository/ch/qos/logback/logback-core/1.5.20/logback-core-1.5.20.jar:/Users/janczok/.m2/repository/org/apache/logging/log4j/log4j-to-slf4j/2.25.2/log4j-to-slf4j-2.25.2.jar:/Users/janczok/.m2/repository/org/apache/logging/log4j/log4j-api/2.25.2/log4j-api-2.25.2.jar:/Users/janczok/.m2/repository/org/slf4j/jul-to-slf4j/2.0.17/jul-to-slf4j-2.0.17.jar:/Users/janczok/.m2/repository/org/springframework/boot/spring-boot-autoconfigure/4.0.0-SNAPSHOT/spring-boot-autoconfigure-4.0.0-SNAPSHOT.jar:/Users/janczok/.m2/repository/org/springframework/boot/spring-boot/4.0.0-SNAPSHOT/spring-boot-4.0.0-SNAPSHOT.jar:/Users/janczok/.m2/repository/org/springframework/spring-context/7.0.0-SNAPSHOT/spring-context-7.0.0-SNAPSHOT.jar:/Users/janczok/.m2/repository/org/springframework/spring-aop/7.0.0-SNAPSHOT/spring-aop-7.0.0-SNAPSHOT.jar:/Users/janczok/.m2/repository/org/springframework/spring-beans/7.0.0-SNAPSHOT/spring-beans-7.0.0-SNAPSHOT.jar:/Users/janczok/.m2/repository/org/springframework/spring-expression/7.0.0-SNAPSHOT/spring-expression-7.0.0-SNAPSHOT.jar:/Users/janczok/.m2/repository/io/micrometer/micrometer-observation/1.16.0-RC1/micrometer-observation-1.16.0-RC1.jar:/Users/janczok/.m2/repository/io/micrometer/micrometer-commons/1.16.0-RC1/micrometer-commons-1.16.0-RC1.jar:/Users/janczok/.m2/repository/jakarta/annotation/jakarta.annotation-api/3.0.0/jakarta.annotation-api-3.0.0.jar:/Users/janczok/.m2/repository/org/yaml/snakeyaml/2.5/snakeyaml-2.5.jar:/Users/janczok/.m2/repository/org/apache/commons/commons-csv/1.10.0/commons-csv-1.10.0.jar:/Users/janczok/.m2/repository/org/springframework/boot/spring-boot-starter-test/4.0.0-SNAPSHOT/spring-boot-starter-test-4.0.0-SNAPSHOT.jar:/Users/janczok/.m2/repository/org/springframework/boot/spring-boot-test/4.0.0-SNAPSHOT/spring-boot-test-4.0.0-SNAPSHOT.jar:/Users/janczok/.m2/repository/org/springframework/boot/spring-boot-test-autoconfigure/4.0.0-SNAPSHOT/spring-boot-test-autoconfigure-4.0.0-SNAPSHOT.jar:/Users/janczok/.m2/repository/com/jayway/jsonpath/json-path/2.9.0/json-path-2.9.0.jar:/Users/janczok/.m2/repository/org/slf4j/slf4j-api/2.0.17/slf4j-api-2.0.17.jar:/Users/janczok/.m2/repository/jakarta/xml/bind/jakarta.xml.bind-api/4.0.4/jakarta.xml.bind-api-4.0.4.jar:/Users/janczok/.m2/repository/jakarta/activation/jakarta.activation-api/2.1.4/jakarta.activation-api-2.1.4.jar:/Users/janczok/.m2/repository/net/minidev/json-smart/2.6.0/json-smart-2.6.0.jar:/Users/janczok/.m2/repository/net/minidev/accessors-smart/2.6.0/accessors-smart-2.6.0.jar:/Users/janczok/.m2/repository/org/ow2/asm/asm/9.7.1/asm-9.7.1.jar:/Users/janczok/.m2/repository/org/assertj/assertj-core/3.27.6/assertj-core-3.27.6.jar:/Users/janczok/.m2/repository/net/bytebuddy/byte-buddy/1.17.8/byte-buddy-1.17.8.jar:/Users/janczok/.m2/repository/org/awaitility/awaitility/4.3.0/awaitility-4.3.0.jar:/Users/janczok/.m2/repository/org/hamcrest/hamcrest/3.0/hamcrest-3.0.jar:/Users/janczok/.m2/repository/org/junit/jupiter/junit-jupiter/6.0.0/junit-jupiter-6.0.0.jar:/Users/janczok/.m2/repository/org/junit/jupiter/junit-jupiter-api/6.0.0/junit-jupiter-api-6.0.0.jar:/Users/janczok/.m2/repository/org/opentest4j/opentest4j/1.3.0/opentest4j-1.3.0.jar:/Users/janczok/.m2/repository/org/junit/platform/junit-platform-commons/6.0.0/junit-platform-commons-6.0.0.jar:/Users/janczok/.m2/repository/org/apiguardian/apiguardian-api/1.1.2/apiguardian-api-1.1.2.jar:/Users/janczok/.m2/repository/org/junit/jupiter/junit-jupiter-params/6.0.0/junit-jupiter-params-6.0.0.jar:/Users/janczok/.m2/repository/org/junit/jupiter/junit-jupiter-engine/6.0.0/junit-jupiter-engine-6.0.0.jar:/Users/janczok/.m2/repository/org/junit/platform/junit-platform-engine/6.0.0/junit-platform-engine-6.0.0.jar:/Users/janczok/.m2/repository/org/mockito/mockito-core/5.20.0/mockito-core-5.20.0.jar:/Users/janczok/.m2/repository/net/bytebuddy/byte-buddy-agent/1.17.8/byte-buddy-agent-1.17.8.jar:/Users/janczok/.m2/repository/org/objenesis/objenesis/3.3/objenesis-3.3.jar:/Users/janczok/.m2/repository/org/mockito/mockito-junit-jupiter/5.20.0/mockito-junit-jupiter-5.20.0.jar:/Users/janczok/.m2/repository/org/skyscreamer/jsonassert/1.5.3/jsonassert-1.5.3.jar:/Users/janczok/.m2/repository/com/vaadin/external/google/android-json/0.0.20131108.vaadin1/android-json-0.0.20131108.vaadin1.jar:/Users/janczok/.m2/repository/org/springframework/spring-core/7.0.0-SNAPSHOT/spring-core-7.0.0-SNAPSHOT.jar:/Users/janczok/.m2/repository/commons-logging/commons-logging/1.3.5/commons-logging-1.3.5.jar:/Users/janczok/.m2/repository/org/jspecify/jspecify/1.0.0/jspecify-1.0.0.jar:/Users/janczok/.m2/repository/org/springframework/spring-test/7.0.0-SNAPSHOT/spring-test-7.0.0-SNAPSHOT.jar:/Users/janczok/.m2/repository/org/xmlunit/xmlunit-core/2.10.4/xmlunit-core-2.10.4.jar:"/>
    <property name="java.vm.vendor" value="Eclipse Adoptium"/>
    <property name="sun.arch.data.model" value="64"/>
    <property name="java.vendor.url" value="https://adoptium.net/"/>
    <property name="user.timezone" value="Europe/Berlin"/>
    <property name="os.name" value="Mac OS X"/>
    <property name="java.vm.specification.version" value="21"/>
    <property name="APPLICATION_NAME" value="SuperDuperMarkt"/>
    <property name="sun.java.launcher" value="SUN_STANDARD"/>
    <property name="user.country" value="DE"/>
    <property name="sun.boot.library.path" value="/Users/janczok/.sdkman/candidates/java/21.0.8-tem/lib"/>
    <property name="sun.java.command" value="/Users/janczok/Downloads/superdupermarkt/target/surefire/surefirebooter-20251030165031404_3.jar /Users/janczok/Downloads/superdupermarkt/target/surefire 2025-10-30T16-50-28_114-jvmRun1 surefire-20251030165031404_1tmp surefire_0-20251030165031404_2tmp"/>
    <property name="http.nonProxyHosts" value="local|*.local|169.254/16|*.169.254/16"/>
    <property name="jdk.debug" value="release"/>
    <property name="surefire.test.class.path" value="/Users/janczok/Downloads/superdupermarkt/target/test-classes:/Users/janczok/Downloads/superdupermarkt/target/classes:/Users/janczok/.m2/repository/org/springframework/boot/spring-boot-starter/4.0.0-SNAPSHOT/spring-boot-starter-4.0.0-SNAPSHOT.jar:/Users/janczok/.m2/repository/org/springframework/boot/spring-boot-starter-logging/4.0.0-SNAPSHOT/spring-boot-starter-logging-4.0.0-SNAPSHOT.jar:/Users/janczok/.m2/repository/ch/qos/logback/logback-classic/1.5.20/logback-classic-1.5.20.jar:/Users/janczok/.m2/repository/ch/qos/logback/logback-core/1.5.20/logback-core-1.5.20.jar:/Users/janczok/.m2/repository/org/apache/logging/log4j/log4j-to-slf4j/2.25.2/log4j-to-slf4j-2.25.2.jar:/Users/janczok/.m2/repository/org/apache/logging/log4j/log4j-api/2.25.2/log4j-api-2.25.2.jar:/Users/janczok/.m2/repository/org/slf4j/jul-to-slf4j/2.0.17/jul-to-slf4j-2.0.17.jar:/Users/janczok/.m2/repository/org/springframework/boot/spring-boot-autoconfigure/4.0.0-SNAPSHOT/spring-boot-autoconfigure-4.0.0-SNAPSHOT.jar:/Users/janczok/.m2/repository/org/springframework/boot/spring-boot/4.0.0-SNAPSHOT/spring-boot-4.0.0-SNAPSHOT.jar:/Users/janczok/.m2/repository/org/springframework/spring-context/7.0.0-SNAPSHOT/spring-context-7.0.0-SNAPSHOT.jar:/Users/janczok/.m2/repository/org/springframework/spring-aop/7.0.0-SNAPSHOT/spring-aop-7.0.0-SNAPSHOT.jar:/Users/janczok/.m2/repository/org/springframework/spring-beans/7.0.0-SNAPSHOT/spring-beans-7.0.0-SNAPSHOT.jar:/Users/janczok/.m2/repository/org/springframework/spring-expression/7.0.0-SNAPSHOT/spring-expression-7.0.0-SNAPSHOT.jar:/Users/janczok/.m2/repository/io/micrometer/micrometer-observation/1.16.0-RC1/micrometer-observation-1.16.0-RC1.jar:/Users/janczok/.m2/repository/io/micrometer/micrometer-commons/1.16.0-RC1/micrometer-commons-1.16.0-RC1.jar:/Users/janczok/.m2/repository/jakarta/annotation/jakarta.annotation-api/3.0.0/jakarta.annotation-api-3.0.0.jar:/Users/janczok/.m2/repository/org/yaml/snakeyaml/2.5/snakeyaml-2.5.jar:/Users/janczok/.m2/repository/org/apache/commons/commons-csv/1.10.0/commons-csv-1.10.0.jar:/Users/janczok/.m2/repository/org/springframework/boot/spring-boot-starter-test/4.0.0-SNAPSHOT/spring-boot-starter-test-4.0.0-SNAPSHOT.jar:/Users/janczok/.m2/repository/org/springframework/boot/spring-boot-test/4.0.0-SNAPSHOT/spring-boot-test-4.0.0-SNAPSHOT.jar:/Users/janczok/.m2/repository/org/springframework/boot/spring-boot-test-autoconfigure/4.0.0-SNAPSHOT/spring-boot-test-autoconfigure-4.0.0-SNAPSHOT.jar:/Users/janczok/.m2/repository/com/jayway/jsonpath/json-path/2.9.0/json-path-2.9.0.jar:/Users/janczok/.m2/repository/org/slf4j/slf4j-api/2.0.17/slf4j-api-2.0.17.jar:/Users/janczok/.m2/repository/jakarta/xml/bind/jakarta.xml.bind-api/4.0.4/jakarta.xml.bind-api-4.0.4.jar:/Users/janczok/.m2/repository/jakarta/activation/jakarta.activation-api/2.1.4/jakarta.activation-api-2.1.4.jar:/Users/janczok/.m2/repository/net/minidev/json-smart/2.6.0/json-smart-2.6.0.jar:/Users/janczok/.m2/repository/net/minidev/accessors-smart/2.6.0/accessors-smart-2.6.0.jar:/Users/janczok/.m2/repository/org/ow2/asm/asm/9.7.1/asm-9.7.1.jar:/Users/janczok/.m2/repository/org/assertj/assertj-core/3.27.6/assertj-core-3.27.6.jar:/Users/janczok/.m2/repository/net/bytebuddy/byte-buddy/1.17.8/byte-buddy-1.17.8.jar:/Users/janczok/.m2/repository/org/awaitility/awaitility/4.3.0/awaitility-4.3.0.jar:/Users/janczok/.m2/repository/org/hamcrest/hamcrest/3.0/hamcrest-3.0.jar:/Users/janczok/.m2/repository/org/junit/jupiter/junit-jupiter/6.0.0/junit-jupiter-6.0.0.jar:/Users/janczok/.m2/repository/org/junit/jupiter/junit-jupiter-api/6.0.0/junit-jupiter-api-6.0.0.jar:/Users/janczok/.m2/repository/org/opentest4j/opentest4j/1.3.0/opentest4j-1.3.0.jar:/Users/janczok/.m2/repository/org/junit/platform/junit-platform-commons/6.0.0/junit-platform-commons-6.0.0.jar:/Users/janczok/.m2/repository/org/apiguardian/apiguardian-api/1.1.2/apiguardian-api-1.1.2.jar:/Users/janczok/.m2/repository/org/junit/jupiter/junit-jupiter-params/6.0.0/junit-jupiter-params-6.0.0.jar:/Users/janczok/.m2/repository/org/junit/jupiter/junit-jupiter-engine/6.0.0/junit-jupiter-engine-6.0.0.jar:/Users/janczok/.m2/repository/org/junit/platform/junit-platform-engine/6.0.0/junit-platform-engine-6.0.0.jar:/Users/janczok/.m2/repository/org/mockito/mockito-core/5.20.0/mockito-core-5.20.0.jar:/Users/janczok/.m2/repository/net/bytebuddy/byte-buddy-agent/1.17.8/byte-buddy-agent-1.17.8.jar:/Users/janczok/.m2/repository/org/objenesis/objenesis/3.3/objenesis-3.3.jar:/Users/janczok/.m2/repository/org/mockito/mockito-junit-jupiter/5.20.0/mockito-junit-jupiter-5.20.0.jar:/Users/janczok/.m2/repository/org/skyscreamer/jsonassert/1.5.3/jsonassert-1.5.3.jar:/Users/janczok/.m2/repository/com/vaadin/external/google/android-json/0.0.20131108.vaadin1/android-json-0.0.20131108.vaadin1.jar:/Users/janczok/.m2/repository/org/springframework/spring-core/7.0.0-SNAPSHOT/spring-core-7.0.0-SNAPSHOT.jar:/Users/janczok/.m2/repository/commons-logging/commons-logging/1.3.5/commons-logging-1.3.5.jar:/Users/janczok/.m2/repository/org/jspecify/jspecify/1.0.0/jspecify-1.0.0.jar:/Users/janczok/.m2/repository/org/springframework/spring-test/7.0.0-SNAPSHOT/spring-test-7.0.0-SNAPSHOT.jar:/Users/janczok/.m2/repository/org/xmlunit/xmlunit-core/2.10.4/xmlunit-core-2.10.4.jar:"/>
    <property name="sun.cpu.endian" value="little"/>
    <property name="user.home" value="/Users/janczok"/>
    <property name="user.language" value="de"/>
    <property name="java.specification.vendor" value="Oracle Corporation"/>
    <property name="java.version.date" value="2025-07-15"/>
    <property name="java.home" value="/Users/janczok/.sdkman/candidates/java/21.0.8-tem"/>
    <property name="file.separator" value="/"/>
    <property name="basedir" value="/Users/janczok/Downloads/superdupermarkt"/>
    <property name="java.vm.compressedOopsMode" value="Zero based"/>
    <property name="line.separator" value="&#10;"/>
    <property name="java.vm.specification.vendor" value="Oracle Corporation"/>
    <property name="java.specification.name" value="Java Platform API Specification"/>
    <property name="FILE_LOG_CHARSET" value="UTF-8"/>
    <property name="java.awt.headless" value="true"/>
    <property name="apple.awt.application.name" value="ForkedBooter"/>
    <property name="surefire.real.class.path" value="/Users/janczok/Downloads/superdupermarkt/target/surefire/surefirebooter-20251030165031404_3.jar"/>
    <property name="sun.management.compiler" value="HotSpot 64-Bit Tiered Compilers"/>
    <property name="ftp.nonProxyHosts" value="local|*.local|169.254/16|*.169.254/16"/>
    <property name="java.runtime.version" value="21.0.8+9-LTS"/>
    <property name="user.name" value="janczok"/>
    <property name="stdout.encoding" value="UTF-8"/>
    <property name="path.separator" value=":"/>
    <property name="os.version" value="15.6.1"/>
    <property name="java.runtime.name" value="OpenJDK Runtime Environment"/>
    <property name="file.encoding" value="UTF-8"/>
    <property name="java.vm.name" value="OpenJDK 64-Bit Server VM"/>
    <property name="java.vendor.version" value="Temurin-21.0.8+9"/>
    <property name="localRepository" value="/Users/janczok/.m2/repository"/>
    <property name="java.vendor.url.bug" value="https://github.com/adoptium/adoptium-support/issues"/>
    <property name="java.io.tmpdir" value="/var/folders/zl/q6t07z451mv0dl1r63zmfs500000gp/T/"/>
    <property name="java.version" value="21.0.8"/>
    <property name="user.dir" value="/Users/janczok/Downloads/superdupermarkt"/>
    <property name="os.arch" value="aarch64"/>
    <property name="java.vm.specification.name" value="Java Virtual Machine Specification"/>
    <property name="PID" value="21729"/>
    <property name="CONSOLE_LOG_CHARSET" value="UTF-8"/>
    <property name="native.encoding" value="UTF-8"/>
    <property name="java.library.path" value="/Users/janczok/Library/Java/Extensions:/Library/Java/Extensions:/Network/Library/Java/Extensions:/System/Library/Java/Extensions:/usr/lib/java:."/>
    <property name="java.vm.info" value="mixed mode, sharing"/>
    <property name="stderr.encoding" value="UTF-8"/>
    <property name="java.vendor" value="Eclipse Adoptium"/>
    <property name="java.vm.version" value="21.0.8+9-LTS"/>
    <property name="sun.io.unicode.encoding" value="UnicodeBig"/>
    <property name="socksNonProxyHosts" value="local|*.local|169.254/16|*.169.254/16"/>
    <property name="java.class.version" value="65.0"/>
    <property name="LOGGED_APPLICATION_NAME" value="[SuperDuperMarkt] "/>
  </properties>
  <testcase name="cheeseLosesQualityDaily" classname="de.jan.czok.superdupermarkt.model.CheeseTest" time="0.001"/>
</testsuite>